2022-11-02 23:40:37 ERROR AirlineProgram:32 - Error al  leer el archivo 
com.fasterxml.jackson.databind.exc.UnrecognizedPropertyException: Unrecognized field "flighs" (class entity.Airline), not marked as ignorable (2 known properties: "name", "flights"])
 at [Source: (File); line: 3, column: 14] (through reference chain: entity.Airline["flighs"])
	at com.fasterxml.jackson.databind.exc.UnrecognizedPropertyException.from(UnrecognizedPropertyException.java:61)
	at com.fasterxml.jackson.databind.DeserializationContext.handleUnknownProperty(DeserializationContext.java:1127)
	at com.fasterxml.jackson.databind.deser.std.StdDeserializer.handleUnknownProperty(StdDeserializer.java:2036)
	at com.fasterxml.jackson.databind.deser.BeanDeserializerBase.handleUnknownProperty(BeanDeserializerBase.java:1700)
	at com.fasterxml.jackson.databind.deser.BeanDeserializerBase.handleUnknownVanilla(BeanDeserializerBase.java:1678)
	at com.fasterxml.jackson.databind.deser.BeanDeserializer.vanillaDeserialize(BeanDeserializer.java:320)
	at com.fasterxml.jackson.databind.deser.BeanDeserializer.deserialize(BeanDeserializer.java:177)
	at com.fasterxml.jackson.databind.deser.DefaultDeserializationContext.readRootValue(DefaultDeserializationContext.java:323)
	at com.fasterxml.jackson.databind.ObjectMapper._readMapAndClose(ObjectMapper.java:4674)
	at com.fasterxml.jackson.databind.ObjectMapper.readValue(ObjectMapper.java:3494)
	at components.AirlineReader.readAirline(AirlineReader.java:18)
	at components.AirlineProgram.execute(AirlineProgram.java:22)
	at Main.main(Main.java:11)
2022-11-02 23:42:46 ERROR AirlineProgram:32 - Error al  leer el archivo 
com.fasterxml.jackson.databind.exc.UnrecognizedPropertyException: Unrecognized field "flighs" (class entity.Airline), not marked as ignorable (2 known properties: "name", "flights"])
 at [Source: (File); line: 3, column: 14] (through reference chain: entity.Airline["flighs"])
	at com.fasterxml.jackson.databind.exc.UnrecognizedPropertyException.from(UnrecognizedPropertyException.java:61)
	at com.fasterxml.jackson.databind.DeserializationContext.handleUnknownProperty(DeserializationContext.java:1127)
	at com.fasterxml.jackson.databind.deser.std.StdDeserializer.handleUnknownProperty(StdDeserializer.java:2036)
	at com.fasterxml.jackson.databind.deser.BeanDeserializerBase.handleUnknownProperty(BeanDeserializerBase.java:1700)
	at com.fasterxml.jackson.databind.deser.BeanDeserializerBase.handleUnknownVanilla(BeanDeserializerBase.java:1678)
	at com.fasterxml.jackson.databind.deser.BeanDeserializer.vanillaDeserialize(BeanDeserializer.java:320)
	at com.fasterxml.jackson.databind.deser.BeanDeserializer.deserialize(BeanDeserializer.java:177)
	at com.fasterxml.jackson.databind.deser.DefaultDeserializationContext.readRootValue(DefaultDeserializationContext.java:323)
	at com.fasterxml.jackson.databind.ObjectMapper._readMapAndClose(ObjectMapper.java:4674)
	at com.fasterxml.jackson.databind.ObjectMapper.readValue(ObjectMapper.java:3494)
	at components.AirlineReader.readAirline(AirlineReader.java:18)
	at components.AirlineProgram.execute(AirlineProgram.java:22)
	at Main.main(Main.java:11)
